2023-12-24 23:13:17.606  INFO 5476 --- [restartedMain] c.shopme.admin.ShopmeBackEndApplication  : Starting ShopmeBackEndApplication using Java 17.0.9 on QNit18 with PID 5476 (C:\Users\vanqu\Desktop\ShopWa-Ecommerce\ShopmeWebParent\ShopmeBackEnd\target\classes started by vanqu in C:\Users\vanqu\Desktop\ShopWa-Ecommerce\ShopmeWebParent\ShopmeBackEnd)
2023-12-24 23:13:17.606  INFO 5476 --- [restartedMain] c.shopme.admin.ShopmeBackEndApplication  : No active profile set, falling back to default profiles: default
2023-12-24 23:13:17.938  INFO 5476 --- [restartedMain] .s.d.r.c.RepositoryConfigurationDelegate : Bootstrapping Spring Data JPA repositories in DEFAULT mode.
2023-12-24 23:13:17.984  INFO 5476 --- [restartedMain] .s.d.r.c.RepositoryConfigurationDelegate : Finished Spring Data repository scanning in 21 ms. Found 2 JPA repository interfaces.
2023-12-24 23:13:18.134  INFO 5476 --- [restartedMain] o.s.b.w.embedded.tomcat.TomcatWebServer  : Tomcat initialized with port(s): 8080 (http)
2023-12-24 23:13:18.135  INFO 5476 --- [restartedMain] o.apache.catalina.core.StandardService   : Starting service [Tomcat]
2023-12-24 23:13:18.137  INFO 5476 --- [restartedMain] org.apache.catalina.core.StandardEngine  : Starting Servlet engine: [Apache Tomcat/9.0.56]
2023-12-24 23:13:18.164  INFO 5476 --- [restartedMain] o.a.c.c.C.[.[localhost].[/ShopmeAdmin]   : Initializing Spring embedded WebApplicationContext
2023-12-24 23:13:18.164  INFO 5476 --- [restartedMain] w.s.c.ServletWebServerApplicationContext : Root WebApplicationContext: initialization completed in 554 ms
2023-12-24 23:13:18.216  INFO 5476 --- [restartedMain] o.hibernate.jpa.internal.util.LogHelper  : HHH000204: Processing PersistenceUnitInfo [name: default]
2023-12-24 23:13:18.223  INFO 5476 --- [restartedMain] com.zaxxer.hikari.HikariDataSource       : HikariPool-2 - Starting...
2023-12-24 23:13:18.241  INFO 5476 --- [restartedMain] com.zaxxer.hikari.HikariDataSource       : HikariPool-2 - Start completed.
2023-12-24 23:13:18.242  INFO 5476 --- [restartedMain] org.hibernate.dialect.Dialect            : HHH000400: Using dialect: org.hibernate.dialect.MySQL8Dialect
2023-12-24 23:13:18.299  INFO 5476 --- [restartedMain] o.h.e.t.j.p.i.JtaPlatformInitiator       : HHH000490: Using JtaPlatform implementation: [org.hibernate.engine.transaction.jta.platform.internal.NoJtaPlatform]
2023-12-24 23:13:18.300  INFO 5476 --- [restartedMain] j.LocalContainerEntityManagerFactoryBean : Initialized JPA EntityManagerFactory for persistence unit 'default'
2023-12-24 23:13:18.324  WARN 5476 --- [restartedMain] JpaBaseConfiguration$JpaWebConfiguration : spring.jpa.open-in-view is enabled by default. Therefore, database queries may be performed during view rendering. Explicitly configure spring.jpa.open-in-view to disable this warning
2023-12-24 23:13:18.431  INFO 5476 --- [restartedMain] o.s.s.web.DefaultSecurityFilterChain     : Will secure Ant [pattern='/images/**'] with []
2023-12-24 23:13:18.431  INFO 5476 --- [restartedMain] o.s.s.web.DefaultSecurityFilterChain     : Will secure Ant [pattern='/js/**'] with []
2023-12-24 23:13:18.432  INFO 5476 --- [restartedMain] o.s.s.web.DefaultSecurityFilterChain     : Will secure Ant [pattern='/webjars/**'] with []
2023-12-24 23:13:18.436  INFO 5476 --- [restartedMain] o.s.s.web.DefaultSecurityFilterChain     : Will secure any request with [org.springframework.security.web.context.request.async.WebAsyncManagerIntegrationFilter@5904fd2b, org.springframework.security.web.context.SecurityContextPersistenceFilter@252f2752, org.springframework.security.web.header.HeaderWriterFilter@2fae077e, org.springframework.security.web.csrf.CsrfFilter@7a43bab2, org.springframework.security.web.authentication.logout.LogoutFilter@6daea08f, org.springframework.security.web.authentication.UsernamePasswordAuthenticationFilter@616ad9a8, org.springframework.security.web.savedrequest.RequestCacheAwareFilter@58d934ac, org.springframework.security.web.servletapi.SecurityContextHolderAwareRequestFilter@7134d3e, org.springframework.security.web.authentication.rememberme.RememberMeAuthenticationFilter@7b04378, org.springframework.security.web.authentication.AnonymousAuthenticationFilter@3ab8647c, org.springframework.security.web.session.SessionManagementFilter@42de9391, org.springframework.security.web.access.ExceptionTranslationFilter@34292447, org.springframework.security.web.access.intercept.FilterSecurityInterceptor@73b21dba]
2023-12-24 23:13:18.499  INFO 5476 --- [restartedMain] o.s.b.a.w.s.WelcomePageHandlerMapping    : Adding welcome page template: index
2023-12-24 23:13:18.786  INFO 5476 --- [restartedMain] o.s.b.d.a.OptionalLiveReloadServer       : LiveReload server is running on port 35729
2023-12-24 23:13:18.793  INFO 5476 --- [restartedMain] o.s.b.w.embedded.tomcat.TomcatWebServer  : Tomcat started on port(s): 8080 (http) with context path '/ShopmeAdmin'
2023-12-24 23:13:18.795  INFO 5476 --- [restartedMain] c.shopme.admin.ShopmeBackEndApplication  : Started ShopmeBackEndApplication in 1.255 seconds (JVM running for 82.253)
2023-12-24 23:13:18.802  INFO 5476 --- [restartedMain] .ConditionEvaluationDeltaLoggingListener : Condition evaluation unchanged
2023-12-24 23:13:33.374  INFO 5476 --- [SpringApplicationShutdownHook] j.LocalContainerEntityManagerFactoryBean : Closing JPA EntityManagerFactory for persistence unit 'default'
2023-12-24 23:13:33.375  INFO 5476 --- [SpringApplicationShutdownHook] com.zaxxer.hikari.HikariDataSource       : HikariPool-2 - Shutdown initiated...
2023-12-24 23:13:33.383  INFO 5476 --- [SpringApplicationShutdownHook] com.zaxxer.hikari.HikariDataSource       : HikariPool-2 - Shutdown completed.
2023-12-24 23:13:37.089  INFO 4812 --- [restartedMain] c.shopme.admin.ShopmeBackEndApplication  : Starting ShopmeBackEndApplication using Java 17.0.9 on QNit18 with PID 4812 (C:\Users\vanqu\Desktop\ShopWa-Ecommerce\ShopmeWebParent\ShopmeBackEnd\target\classes started by vanqu in C:\Users\vanqu\Desktop\ShopWa-Ecommerce\ShopmeWebParent\ShopmeBackEnd)
2023-12-24 23:13:37.091  INFO 4812 --- [restartedMain] c.shopme.admin.ShopmeBackEndApplication  : No active profile set, falling back to default profiles: default
2023-12-24 23:13:37.161  INFO 4812 --- [restartedMain] .e.DevToolsPropertyDefaultsPostProcessor : Devtools property defaults active! Set 'spring.devtools.add-properties' to 'false' to disable
2023-12-24 23:13:37.162  INFO 4812 --- [restartedMain] .e.DevToolsPropertyDefaultsPostProcessor : For additional web related logging consider setting the 'logging.level.web' property to 'DEBUG'
2023-12-24 23:13:38.063  INFO 4812 --- [restartedMain] .s.d.r.c.RepositoryConfigurationDelegate : Bootstrapping Spring Data JPA repositories in DEFAULT mode.
2023-12-24 23:13:38.164  INFO 4812 --- [restartedMain] .s.d.r.c.RepositoryConfigurationDelegate : Finished Spring Data repository scanning in 83 ms. Found 2 JPA repository interfaces.
2023-12-24 23:13:39.294  INFO 4812 --- [restartedMain] o.s.b.w.embedded.tomcat.TomcatWebServer  : Tomcat initialized with port(s): 8080 (http)
2023-12-24 23:13:39.313  INFO 4812 --- [restartedMain] o.apache.catalina.core.StandardService   : Starting service [Tomcat]
2023-12-24 23:13:39.313  INFO 4812 --- [restartedMain] org.apache.catalina.core.StandardEngine  : Starting Servlet engine: [Apache Tomcat/9.0.56]
2023-12-24 23:13:39.490  INFO 4812 --- [restartedMain] o.a.c.c.C.[.[localhost].[/ShopmeAdmin]   : Initializing Spring embedded WebApplicationContext
2023-12-24 23:13:39.491  INFO 4812 --- [restartedMain] w.s.c.ServletWebServerApplicationContext : Root WebApplicationContext: initialization completed in 2329 ms
2023-12-24 23:13:39.807  INFO 4812 --- [restartedMain] o.hibernate.jpa.internal.util.LogHelper  : HHH000204: Processing PersistenceUnitInfo [name: default]
2023-12-24 23:13:39.908  INFO 4812 --- [restartedMain] org.hibernate.Version                    : HHH000412: Hibernate ORM core version 5.6.3.Final
2023-12-24 23:13:40.131  INFO 4812 --- [restartedMain] o.hibernate.annotations.common.Version   : HCANN000001: Hibernate Commons Annotations {5.1.2.Final}
2023-12-24 23:13:40.243  INFO 4812 --- [restartedMain] com.zaxxer.hikari.HikariDataSource       : HikariPool-1 - Starting...
2023-12-24 23:13:40.583  INFO 4812 --- [restartedMain] com.zaxxer.hikari.HikariDataSource       : HikariPool-1 - Start completed.
2023-12-24 23:13:40.599  INFO 4812 --- [restartedMain] org.hibernate.dialect.Dialect            : HHH000400: Using dialect: org.hibernate.dialect.MySQL8Dialect
2023-12-24 23:13:41.404  INFO 4812 --- [restartedMain] o.h.e.t.j.p.i.JtaPlatformInitiator       : HHH000490: Using JtaPlatform implementation: [org.hibernate.engine.transaction.jta.platform.internal.NoJtaPlatform]
2023-12-24 23:13:41.415  INFO 4812 --- [restartedMain] j.LocalContainerEntityManagerFactoryBean : Initialized JPA EntityManagerFactory for persistence unit 'default'
2023-12-24 23:13:41.506  WARN 4812 --- [restartedMain] JpaBaseConfiguration$JpaWebConfiguration : spring.jpa.open-in-view is enabled by default. Therefore, database queries may be performed during view rendering. Explicitly configure spring.jpa.open-in-view to disable this warning
2023-12-24 23:13:42.248  INFO 4812 --- [restartedMain] o.s.s.web.DefaultSecurityFilterChain     : Will secure Ant [pattern='/images/**'] with []
2023-12-24 23:13:42.248  INFO 4812 --- [restartedMain] o.s.s.web.DefaultSecurityFilterChain     : Will secure Ant [pattern='/js/**'] with []
2023-12-24 23:13:42.249  INFO 4812 --- [restartedMain] o.s.s.web.DefaultSecurityFilterChain     : Will secure Ant [pattern='/webjars/**'] with []
2023-12-24 23:13:42.292  INFO 4812 --- [restartedMain] o.s.s.web.DefaultSecurityFilterChain     : Will secure any request with [org.springframework.security.web.context.request.async.WebAsyncManagerIntegrationFilter@5c9cb3a1, org.springframework.security.web.context.SecurityContextPersistenceFilter@663a82ae, org.springframework.security.web.header.HeaderWriterFilter@7cf501cc, org.springframework.security.web.csrf.CsrfFilter@bab4fda, org.springframework.security.web.authentication.logout.LogoutFilter@57c8b226, org.springframework.security.web.authentication.UsernamePasswordAuthenticationFilter@4ee04285, org.springframework.security.web.savedrequest.RequestCacheAwareFilter@5d277c1b, org.springframework.security.web.servletapi.SecurityContextHolderAwareRequestFilter@1f393334, org.springframework.security.web.authentication.rememberme.RememberMeAuthenticationFilter@366d6b21, org.springframework.security.web.authentication.AnonymousAuthenticationFilter@28846e5b, org.springframework.security.web.session.SessionManagementFilter@607ecaa0, org.springframework.security.web.access.ExceptionTranslationFilter@4ef60802, org.springframework.security.web.access.intercept.FilterSecurityInterceptor@5d7ad8b2]
2023-12-24 23:13:42.542  INFO 4812 --- [restartedMain] o.s.b.a.w.s.WelcomePageHandlerMapping    : Adding welcome page template: index
2023-12-24 23:13:43.220  INFO 4812 --- [restartedMain] o.s.b.d.a.OptionalLiveReloadServer       : LiveReload server is running on port 35729
2023-12-24 23:13:43.256  INFO 4812 --- [restartedMain] o.s.b.w.embedded.tomcat.TomcatWebServer  : Tomcat started on port(s): 8080 (http) with context path '/ShopmeAdmin'
2023-12-24 23:13:43.268  INFO 4812 --- [restartedMain] c.shopme.admin.ShopmeBackEndApplication  : Started ShopmeBackEndApplication in 6.716 seconds (JVM running for 7.31)
2023-12-24 23:14:04.180  INFO 4812 --- [Thread-5] j.LocalContainerEntityManagerFactoryBean : Closing JPA EntityManagerFactory for persistence unit 'default'
2023-12-24 23:14:04.182  INFO 4812 --- [Thread-5] com.zaxxer.hikari.HikariDataSource       : HikariPool-1 - Shutdown initiated...
2023-12-24 23:14:04.193  INFO 4812 --- [Thread-5] com.zaxxer.hikari.HikariDataSource       : HikariPool-1 - Shutdown completed.
2023-12-24 23:14:04.982  WARN 4812 --- [restartedMain] JpaBaseConfiguration$JpaWebConfiguration : spring.jpa.open-in-view is enabled by default. Therefore, database queries may be performed during view rendering. Explicitly configure spring.jpa.open-in-view to disable this warning
2023-12-24 23:15:16.099  WARN 4812 --- [restartedMain] JpaBaseConfiguration$JpaWebConfiguration : spring.jpa.open-in-view is enabled by default. Therefore, database queries may be performed during view rendering. Explicitly configure spring.jpa.open-in-view to disable this warning
2023-12-24 23:20:32.087  WARN 18416 --- [restartedMain] JpaBaseConfiguration$JpaWebConfiguration : spring.jpa.open-in-view is enabled by default. Therefore, database queries may be performed during view rendering. Explicitly configure spring.jpa.open-in-view to disable this warning
